{"uid":"ee183a54ced3af70","name":"checkCareerContent()","fullName":"guru.qa.tests.CareerPageTest.checkCareerContent","historyId":"a57f90905f6588aa8ac7b5f9e9afcf48","time":{"start":1695397404000,"stop":1695397410773,"duration":6773},"description":"","status":"passed","flaky":false,"newFailed":false,"newBroken":false,"newPassed":false,"retriesCount":16,"retriesStatusChange":true,"beforeStages":[{"name":"beforeAll","time":{"start":1695397403657,"stop":1695397403677,"duration":20},"status":"passed","steps":[],"attachments":[],"parameters":[],"shouldDisplayMessage":false,"attachmentsCount":0,"hasContent":false,"stepsCount":0}],"testStage":{"description":"","status":"passed","steps":[{"name":"Открыть главную страницу","time":{"start":1695397404013,"stop":1695397409162,"duration":5149},"status":"passed","steps":[],"attachments":[],"parameters":[],"shouldDisplayMessage":false,"attachmentsCount":0,"hasContent":false,"stepsCount":0},{"name":"Нажать кнопку career","time":{"start":1695397409163,"stop":1695397409674,"duration":511},"status":"passed","steps":[],"attachments":[],"parameters":[],"shouldDisplayMessage":false,"attachmentsCount":0,"hasContent":false,"stepsCount":0},{"name":"Проверка отображения заголовка страницы career","time":{"start":1695397409675,"stop":1695397410705,"duration":1030},"status":"passed","steps":[],"attachments":[],"parameters":[],"shouldDisplayMessage":false,"attachmentsCount":0,"hasContent":false,"stepsCount":0},{"name":"Проверка содержания контента на странице career","time":{"start":1695397410706,"stop":1695397410766,"duration":60},"status":"passed","steps":[],"attachments":[],"parameters":[],"shouldDisplayMessage":false,"attachmentsCount":0,"hasContent":false,"stepsCount":0}],"attachments":[],"parameters":[],"shouldDisplayMessage":false,"attachmentsCount":0,"hasContent":true,"stepsCount":4},"afterStages":[],"labels":[{"name":"junit.platform.uniqueid","value":"[engine:junit-jupiter]/[class:guru.qa.tests.CareerPageTest]/[method:checkCareerContent()]"},{"name":"host","value":"WIN-2IIN7F880J6"},{"name":"thread","value":"5260@WIN-2IIN7F880J6.Test worker(13)"},{"name":"framework","value":"junit-platform"},{"name":"language","value":"java"},{"name":"package","value":"guru.qa.tests.CareerPageTest"},{"name":"testClass","value":"guru.qa.tests.CareerPageTest"},{"name":"testMethod","value":"checkCareerContent"},{"name":"suite","value":"guru.qa.tests.CareerPageTest"},{"name":"resultFormat","value":"allure2"}],"parameters":[],"links":[],"hidden":false,"retry":false,"extra":{"severity":"normal","retries":[{"uid":"eac3d5d713fe0dfd","status":"passed","time":{"start":1695397175348,"stop":1695397181927,"duration":6579}},{"uid":"f58beecd5ca2838f","status":"failed","statusDetails":"Element not found {div .styles_portfolio__AF1vS}\r\nExpected: not empty: attribute value=\"\" and exact text \"\"\r\nScreenshot: file:/C:/Users/User/senama-soft-autotests/build/reports/tests/1695396540419.0.png\r\nPage source: file:/C:/Users/User/senama-soft-autotests/build/reports/tests/1695396540419.0.html\r\nTimeout: 4 s.\r\nCaused by: NoSuchElementException: no such element: Unable to locate element: {\"method\":\"css selector\",\"selector\":\"div .styles_portfolio__AF1vS\"}","time":{"start":1695396529645,"stop":1695396540760,"duration":11115}},{"uid":"a802cc04af970d66","status":"failed","statusDetails":"Element not found {.styles_offers_header_wrapper__Ua6Zg h1}\r\nExpected: text \"Career\"\r\nPage source: file:/C:/Users/User/senama-soft-autotests/build/reports/tests/1695396491731.0.html\r\nTimeout: 4 s.\r\nCaused by: NoSuchElementException: no such element: Unable to locate element: {\"method\":\"css selector\",\"selector\":\".styles_offers_header_wrapper__Ua6Zg h1\"}","time":{"start":1695396482056,"stop":1695396492218,"duration":10162}},{"uid":"a8c53cbc5cbb402e","status":"failed","statusDetails":"Element not found {.styles_offers_header_wrapper__Ua6Zg h1}\r\nExpected: text \"Career\"\r\nScreenshot: file:/C:/Users/User/senama-soft-autotests/build/reports/tests/1695396412933.0.png\r\nPage source: file:/C:/Users/User/senama-soft-autotests/build/reports/tests/1695396412933.0.html\r\nTimeout: 4 s.\r\nCaused by: NoSuchElementException: no such element: Unable to locate element: {\"method\":\"css selector\",\"selector\":\".styles_offers_header_wrapper__Ua6Zg h1\"}","time":{"start":1695396403686,"stop":1695396413204,"duration":9518}},{"uid":"f1b03ac1ca12eaba","status":"failed","statusDetails":"Element not found {.styles_offers_header_wrapper__Ua6Zg h1}\r\nExpected: text \"Career\"\r\nScreenshot: file:/C:/Users/User/senama-soft-autotests/build/reports/tests/1695396345535.0.png\r\nPage source: file:/C:/Users/User/senama-soft-autotests/build/reports/tests/1695396345535.0.html\r\nTimeout: 4 s.\r\nCaused by: NoSuchElementException: no such element: Unable to locate element: {\"method\":\"css selector\",\"selector\":\".styles_offers_header_wrapper__Ua6Zg h1\"}","time":{"start":1695396336174,"stop":1695396345758,"duration":9584}},{"uid":"1cc92eb871c9a2b7","status":"broken","statusDetails":"Could not start a new session. Response code 500. Message: disconnected: received Inspector.detached event\n  (failed to check if window was closed: disconnected: not connected to DevTools)\n  (Session info: chrome=116.0.5845.188) \nHost info: host: 'WIN-2IIN7F880J6', ip: '192.168.100.7'\nBuild info: version: '4.10.0', revision: 'c14d967899'\nSystem info: os.name: 'Windows 10', os.arch: 'amd64', os.version: '10.0', java.version: '11.0.12'\nDriver info: org.openqa.selenium.chrome.ChromeDriver\nCommand: [null, newSession {capabilities=[Capabilities {acceptInsecureCerts: true, browserName: chrome, goog:chromeOptions: {args: [--remote-allow-origins=*, --proxy-bypass-list=<-loopb..., --disable-dev-shm-usage, --window-size=1366,768], excludeSwitches: [enable-automation, load-extension], extensions: [], prefs: {credentials_enable_service: false, download.default_directory: C:\\Users\\User\\senama-soft-a..., plugins.always_open_pdf_externally: true, profile.default_content_setting_values.automatic_downloads: 1, safebrowsing.enabled: true}}, pageLoadStrategy: eager, unhandledPromptBehavior: accept}]}]\nselenide.url: https://www.senamasoft.com/\nselenide.baseUrl: https://www.senamasoft.com","time":{"start":1695396310107,"stop":1695396329946,"duration":19839}},{"uid":"44e85536d278bf9e","status":"failed","statusDetails":"Element not found {.undefined a[href=\"/portfolio\"]}\r\nExpected: clickable: interactable and enabled\r\nScreenshot: file:/C:/Users/User/senama-soft-autotests/build/reports/tests/1695396260494.0.png\r\nPage source: file:/C:/Users/User/senama-soft-autotests/build/reports/tests/1695396260494.0.html\r\nTimeout: 4 s.\r\nCaused by: NoSuchElementException: no such element: Unable to locate element: {\"method\":\"css selector\",\"selector\":\".undefined a[href=\"/portfolio\"]\"}","time":{"start":1695396252067,"stop":1695396260688,"duration":8621}},{"uid":"262ee5e835bbe8a4","status":"failed","statusDetails":"Element not found {.styles_offers_header_wrapper__Ua6Zg}\r\nExpected: text \"Career\"\r\nScreenshot: file:/C:/Users/User/senama-soft-autotests/build/reports/tests/1695396055362.0.png\r\nPage source: file:/C:/Users/User/senama-soft-autotests/build/reports/tests/1695396055362.0.html\r\nTimeout: 4 s.\r\nCaused by: NoSuchElementException: no such element: Unable to locate element: {\"method\":\"css selector\",\"selector\":\".styles_offers_header_wrapper__Ua6Zg\"}","time":{"start":1695396046056,"stop":1695396055612,"duration":9556}},{"uid":"3ec4dc2a891eb155","status":"broken","statusDetails":"Could not start a new session. Response code 500. Message: unknown error: no chrome binary at /Applications/Google Chrome.app/Contents/MacOS/Google Chrome \nHost info: host: 'WIN-2IIN7F880J6', ip: '192.168.100.7'\nBuild info: version: '4.10.0', revision: 'c14d967899'\nSystem info: os.name: 'Windows 10', os.arch: 'amd64', os.version: '10.0', java.version: '11.0.12'\nDriver info: org.openqa.selenium.chrome.ChromeDriver\nCommand: [null, newSession {capabilities=[Capabilities {acceptInsecureCerts: true, browserName: chrome, goog:chromeOptions: {args: [--remote-allow-origins=*, --proxy-bypass-list=<-loopb..., --disable-dev-shm-usage, --window-size=1366,768], binary: /Applications/Google Chrome..., excludeSwitches: [enable-automation, load-extension], extensions: [], prefs: {credentials_enable_service: false, download.default_directory: C:\\Users\\User\\senama-soft-a..., plugins.always_open_pdf_externally: true, profile.default_content_setting_values.automatic_downloads: 1, safebrowsing.enabled: true}}, pageLoadStrategy: eager, unhandledPromptBehavior: accept}]}]\nselenide.url: https://www.senamasoft.com/\nselenide.baseUrl: https://www.senamasoft.com","time":{"start":1695395819272,"stop":1695395822713,"duration":3441}},{"uid":"552eee0e779af1f1","status":"broken","statusDetails":"Could not start a new session. Response code 500. Message: unknown error: no chrome binary at /Applications/Google Chrome.app/Contents/MacOS/Google Chrome \nHost info: host: 'WIN-2IIN7F880J6', ip: '192.168.100.7'\nBuild info: version: '4.10.0', revision: 'c14d967899'\nSystem info: os.name: 'Windows 10', os.arch: 'amd64', os.version: '10.0', java.version: '11.0.12'\nDriver info: org.openqa.selenium.chrome.ChromeDriver\nCommand: [null, newSession {capabilities=[Capabilities {acceptInsecureCerts: true, browserName: chrome, goog:chromeOptions: {args: [--remote-allow-origins=*, --proxy-bypass-list=<-loopb..., --disable-dev-shm-usage, --window-size=1366,768], binary: /Applications/Google Chrome..., excludeSwitches: [enable-automation, load-extension], extensions: [], prefs: {credentials_enable_service: false, download.default_directory: C:\\Users\\User\\senama-soft-a..., plugins.always_open_pdf_externally: true, profile.default_content_setting_values.automatic_downloads: 1, safebrowsing.enabled: true}}, pageLoadStrategy: eager, unhandledPromptBehavior: accept}]}]\nselenide.url: https://www.senamasoft.com//\nselenide.baseUrl: https://www.senamasoft.com/","time":{"start":1695395792805,"stop":1695395796104,"duration":3299}},{"uid":"4eee86b1c4de4cbd","status":"broken","statusDetails":"Could not start a new session. Response code 500. Message: unknown error: no chrome binary at /Applications/Google Chrome.app/Contents/Windows/Google Chrome \nHost info: host: 'WIN-2IIN7F880J6', ip: '192.168.100.7'\nBuild info: version: '4.10.0', revision: 'c14d967899'\nSystem info: os.name: 'Windows 10', os.arch: 'amd64', os.version: '10.0', java.version: '11.0.12'\nDriver info: org.openqa.selenium.chrome.ChromeDriver\nCommand: [null, newSession {capabilities=[Capabilities {acceptInsecureCerts: true, browserName: chrome, goog:chromeOptions: {args: [--remote-allow-origins=*, --proxy-bypass-list=<-loopb..., --disable-dev-shm-usage, --window-size=1366,768], binary: /Applications/Google Chrome..., excludeSwitches: [enable-automation, load-extension], extensions: [], prefs: {credentials_enable_service: false, download.default_directory: C:\\Users\\User\\senama-soft-a..., plugins.always_open_pdf_externally: true, profile.default_content_setting_values.automatic_downloads: 1, safebrowsing.enabled: true}}, pageLoadStrategy: eager, unhandledPromptBehavior: accept}]}]\nselenide.url: http://localhost:8080/\nselenide.baseUrl: http://localhost:8080","time":{"start":1695395378042,"stop":1695395381155,"duration":3113}},{"uid":"975b28f9c151bb82","status":"broken","statusDetails":"Could not start a new session. Response code 500. Message: unknown error: no chrome binary at /Applications/Google Chrome.app/Contents/MacOS/Google Chrome \nHost info: host: 'WIN-2IIN7F880J6', ip: '192.168.100.7'\nBuild info: version: '4.10.0', revision: 'c14d967899'\nSystem info: os.name: 'Windows 10', os.arch: 'amd64', os.version: '10.0', java.version: '11.0.12'\nDriver info: org.openqa.selenium.chrome.ChromeDriver\nCommand: [null, newSession {capabilities=[Capabilities {acceptInsecureCerts: true, browserName: chrome, goog:chromeOptions: {args: [--remote-allow-origins=*, --proxy-bypass-list=<-loopb..., --disable-dev-shm-usage, --window-size=1366,768], binary: /Applications/Google Chrome..., excludeSwitches: [enable-automation, load-extension], extensions: [], prefs: {credentials_enable_service: false, download.default_directory: C:\\Users\\User\\senama-soft-a..., plugins.always_open_pdf_externally: true, profile.default_content_setting_values.automatic_downloads: 1, safebrowsing.enabled: true}}, pageLoadStrategy: eager, unhandledPromptBehavior: accept}]}]\nselenide.url: http://localhost:8080/\nselenide.baseUrl: http://localhost:8080","time":{"start":1695395334192,"stop":1695395337499,"duration":3307}},{"uid":"d77a149c938c805","status":"broken","statusDetails":"Could not start a new session. Response code 500. Message: unknown error: no chrome binary at /Applications/Google Chrome.app/Contents/MacOS/Google Chrome \nHost info: host: 'WIN-2IIN7F880J6', ip: '192.168.100.7'\nBuild info: version: '4.10.0', revision: 'c14d967899'\nSystem info: os.name: 'Windows 10', os.arch: 'amd64', os.version: '10.0', java.version: '11.0.12'\nDriver info: org.openqa.selenium.chrome.ChromeDriver\nCommand: [null, newSession {capabilities=[Capabilities {acceptInsecureCerts: true, browserName: chrome, browserVersion: 100.0, goog:chromeOptions: {args: [--remote-allow-origins=*, --proxy-bypass-list=<-loopb..., --disable-dev-shm-usage, --window-size=1920,1080], binary: /Applications/Google Chrome..., excludeSwitches: [enable-automation, load-extension], extensions: [], prefs: {credentials_enable_service: false, download.default_directory: C:\\Users\\User\\senama-soft-a..., plugins.always_open_pdf_externally: true, profile.default_content_setting_values.automatic_downloads: 1, safebrowsing.enabled: true}}, pageLoadStrategy: eager, unhandledPromptBehavior: accept}]}]\nselenide.url: https://www.senamasoft.com/\nselenide.baseUrl: https://www.senamasoft.com","time":{"start":1695395283864,"stop":1695395287095,"duration":3231}},{"uid":"4f4cbbd5b3c226ae","status":"broken","statusDetails":"Could not start a new session. Response code 500. Message: unknown error: Chrome failed to start: crashed.\n  (chrome not reachable)\n  (The process started from chrome location C:\\Program Files\\Google\\Chrome\\Application\\chrome.exe is no longer running, so ChromeDriver is assuming that Chrome has crashed.) \nHost info: host: 'WIN-2IIN7F880J6', ip: '192.168.100.7'\nBuild info: version: '4.10.0', revision: 'c14d967899'\nSystem info: os.name: 'Windows 10', os.arch: 'amd64', os.version: '10.0', java.version: '11.0.12'\nDriver info: org.openqa.selenium.chrome.ChromeDriver\nCommand: [null, newSession {capabilities=[Capabilities {acceptInsecureCerts: true, browserName: chrome, browserVersion: 100.0, goog:chromeOptions: {args: [--remote-allow-origins=*, --proxy-bypass-list=<-loopb..., --disable-dev-shm-usage, --window-size=1920,1080], excludeSwitches: [enable-automation, load-extension], extensions: [], prefs: {credentials_enable_service: false, download.default_directory: C:\\Users\\User\\senama-soft-a..., plugins.always_open_pdf_externally: true, profile.default_content_setting_values.automatic_downloads: 1, safebrowsing.enabled: true}}, pageLoadStrategy: eager, unhandledPromptBehavior: accept}]}]\nselenide.url: https://www.senamasoft.com/\nselenide.baseUrl: https://www.senamasoft.com","time":{"start":1695395230927,"stop":1695395238183,"duration":7256}},{"uid":"676ebbb693e15ff3","status":"failed","statusDetails":"Element not found {.styles_offers_header_wrapper__Ua6Zg h1}\r\nExpected: text \"Career\"\r\nScreenshot: file:/C:/Users/User/senama-soft-autotests/build/reports/tests/1695395077706.0.png\r\nPage source: file:/C:/Users/User/senama-soft-autotests/build/reports/tests/1695395077706.0.html\r\nTimeout: 4 s.\r\nCaused by: NoSuchElementException: no such element: Unable to locate element: {\"method\":\"css selector\",\"selector\":\".styles_offers_header_wrapper__Ua6Zg h1\"}","time":{"start":1695395067842,"stop":1695395078027,"duration":10185}},{"uid":"6729113e074774f","status":"failed","statusDetails":"Element should have text \"Career\" {div .styles_background__PVoKh}\r\nElement: '<div class=\"styles_background__PVoKh\">Our projects\nWeb Applications\nMobile Applications\nUX</div>'\r\nActual value: text=\"Our projects\nWeb Applications\nMobile Applications\nUX\"\r\nScreenshot: file:/C:/Users/User/senama-soft-autotests/build/reports/tests/1695394947896.0.png\r\nPage source: file:/C:/Users/User/senama-soft-autotests/build/reports/tests/1695394947896.0.html\r\nTimeout: 4 s.","time":{"start":1695394936566,"stop":1695394948271,"duration":11705}}],"categories":[],"tags":[]},"source":"ee183a54ced3af70.json","parameterValues":[]}